<?xml version="1.0" encoding="UTF-8"?>
<testng-results skipped="0" failed="0" ignored="0" total="0" passed="0">
  <reporter-output>
  </reporter-output>
  <suite name="Surefire suite" duration-ms="7" started-at="2024-08-02T16:40:57 IST" finished-at="2024-08-02T16:40:57 IST">
    <groups>
    </groups>
    <test name="Surefire test" duration-ms="7" started-at="2024-08-02T16:40:57 IST" finished-at="2024-08-02T16:40:57 IST">
      <class name="com.BaseTest">
        <test-method status="PASS" signature="setUp()[pri:0, instance:com.BaseTest@3712b94]" name="setUp" is-config="true" duration-ms="275" started-at="2024-08-02T16:40:57 IST" finished-at="2024-08-02T16:40:57 IST">
          <reporter-output>
          </reporter-output>
        </test-method> <!-- setUp -->
        <test-method status="PASS" signature="tearDown()[pri:0, instance:com.BaseTest@3712b94]" name="tearDown" is-config="true" duration-ms="302" started-at="2024-08-02T16:40:57 IST" finished-at="2024-08-02T16:40:57 IST">
          <reporter-output>
          </reporter-output>
        </test-method> <!-- tearDown -->
      </class> <!-- com.BaseTest -->
    </test> <!-- Surefire test -->
  </suite> <!-- Surefire suite -->
</testng-results>
